mode: set
github.com/guutong/gophercon2019/workshops/test-mocking/exercise/httpd/handler.go:26.28,30.2 1 1
github.com/guutong/gophercon2019/workshops/test-mocking/exercise/httpd/handler.go:32.69,36.2 3 1
github.com/guutong/gophercon2019/workshops/test-mocking/exercise/httpd/handler.go:38.63,42.48 4 1
github.com/guutong/gophercon2019/workshops/test-mocking/exercise/httpd/handler.go:46.2,46.36 1 1
github.com/guutong/gophercon2019/workshops/test-mocking/exercise/httpd/handler.go:42.48,45.3 2 1
github.com/guutong/gophercon2019/workshops/test-mocking/exercise/httpd/handler.go:50.63,54.15 4 1
github.com/guutong/gophercon2019/workshops/test-mocking/exercise/httpd/handler.go:59.2,60.16 2 1
github.com/guutong/gophercon2019/workshops/test-mocking/exercise/httpd/handler.go:69.2,74.40 5 1
github.com/guutong/gophercon2019/workshops/test-mocking/exercise/httpd/handler.go:54.15,57.3 2 1
github.com/guutong/gophercon2019/workshops/test-mocking/exercise/httpd/handler.go:60.16,61.22 1 1
github.com/guutong/gophercon2019/workshops/test-mocking/exercise/httpd/handler.go:65.3,66.9 2 1
github.com/guutong/gophercon2019/workshops/test-mocking/exercise/httpd/handler.go:61.22,64.4 2 1
github.com/guutong/gophercon2019/workshops/test-mocking/exercise/httpd/handler.go:79.33,85.2 3 1
